\BOOKMARK [0][-]{section*.5}{Abstract}{}% 1
\BOOKMARK [1][-]{section*.6}{Sommario}{section*.5}% 2
\BOOKMARK [0][-]{chapter*.7}{Introduction}{}% 3
\BOOKMARK [-1][-]{part.1}{I\040Demo\040of\040the\040template\040features}{}% 4
\BOOKMARK [0][-]{chapter.1}{Basic\040template\040features}{part.1}% 5
\BOOKMARK [1][-]{section.1.1}{Math}{chapter.1}% 6
\BOOKMARK [2][-]{subsection.1.1.1}{Theorem\040support}{section.1.1}% 7
\BOOKMARK [1][-]{section.1.2}{Glossary}{chapter.1}% 8
\BOOKMARK [1][-]{section.1.3}{References\040and\040floating\040objects}{chapter.1}% 9
\BOOKMARK [1][-]{section.1.4}{Drawing\040with\040tikz}{chapter.1}% 10
\BOOKMARK [-1][-]{part.2}{II\040Filler\040part}{}% 11
\BOOKMARK [0][-]{chapter.2}{Filling\040with\040text}{part.2}% 12
\BOOKMARK [1][-]{section.2.1}{Lipsum}{chapter.2}% 13
\BOOKMARK [1][-]{section.2.2}{is}{chapter.2}% 14
\BOOKMARK [1][-]{section.2.3}{useful}{chapter.2}% 15
\BOOKMARK [0][-]{chapter.3}{Filling\040with\040more\040text}{part.2}% 16
\BOOKMARK [1][-]{section.3.1}{UniPd\040is\040the\040best}{chapter.3}% 17
\BOOKMARK [1][-]{section.3.2}{Latex}{chapter.3}% 18
\BOOKMARK [2][-]{subsection.3.2.1}{Latex\040again}{section.3.2}% 19
\BOOKMARK [2][-]{subsection.3.2.2}{Latex\040for\040good}{section.3.2}% 20
\BOOKMARK [0][-]{chapter*.13}{Conclusions}{part.2}% 21
\BOOKMARK [0][-]{appendix.1.A}{An\040amazing\040appendix}{part.2}% 22
\BOOKMARK [0][-]{section*.14}{Bibliography}{part.2}% 23
\BOOKMARK [0][-]{section*.16}{Acknowledgments}{part.2}% 24
